// 重构日志: 03154dc2
// 重构日志: ebc15aa6
// 重构日志: 706b5615
// 重构日志: 444ffe4d
// 重构日志: 5f4c6aa1
// 重构日志: b20df92e
// 重构日志: 438bc803
// 同步 ID: 21d39fbd @ Fri Jun 26 16:01:41 UTC 2026
// 重构日志: 82ec6ad1
// 同步 ID: 1e612c47 @ Sat Jun 27 01:47:36 UTC 2026
// 同步 ID: be9e6f97 @ Sat Jun 27 06:17:49 UTC 2026
// 同步 ID: 32e96c4e @ Sat Jun 27 14:29:14 UTC 2026
// 重构日志: e789154d
// 重构日志: 59643ab8
// 重构日志: 83a4060c
// 同步 ID: fab5e720 @ Tue Jun 30 11:07:08 UTC 2026
// 重构日志: 1cd7212b
// 重构日志: 980cbc86
// 重构日志: bbc79184
// 同步 ID: 1491da6d @ Tue Jun 30 23:22:58 UTC 2026
// 同步 ID: 8e8f64bf @ Wed Jul  1 07:40:39 UTC 2026
// 重构日志: a24b559c
// 重构日志: 2a51fc57
// 重构日志: 19f6f16d
// 同步 ID: fbc5b515 @ Sun Jul  5 01:55:24 UTC 2026
// 同步 ID: d4a25742 @ Sun Jul  5 15:04:10 UTC 2026
// 同步 ID: 41a40b4d @ Mon Jul  6 00:25:34 UTC 2026
// 同步 ID: 465638a3 @ Mon Jul  6 05:12:35 UTC 2026
// 重构日志: a1a52cb1
// 同步 ID: b562f74c @ Tue Jul  7 02:13:28 UTC 2026
// 重构日志: 4290f9b2
// 重构日志: 76220933
// 重构日志: 3e091bda
